<?xml version="1.0" encoding="UTF-8"?>
<robot generator="Robot 6.1.1 (Python 3.12.3 on win32)" generated="20240503 18:12:19.073" rpa="false" schemaversion="4">
<suite id="s1" name="Tests" source="C:\HddBackup\Yliopisto\ohjelmistotuotanto\injekt\injekt\osa3\login-robot\src\tests">
<suite id="s1-s1" name="Login" source="C:\HddBackup\Yliopisto\ohjelmistotuotanto\injekt\injekt\osa3\login-robot\src\tests\login.robot">
<test id="s1-s1-t1" name="Login With Correct Credentials" line="6">
<kw name="Create User And Input Login Command" type="SETUP">
<kw name="Create User" library="AppLibrary">
<arg>kalle</arg>
<arg>kalle123</arg>
<status status="PASS" starttime="20240503 18:12:19.114" endtime="20240503 18:12:19.114"/>
</kw>
<kw name="Input Login Command" library="resource">
<kw name="Input" library="AppLibrary">
<arg>login</arg>
<status status="PASS" starttime="20240503 18:12:19.115" endtime="20240503 18:12:19.115"/>
</kw>
<status status="PASS" starttime="20240503 18:12:19.115" endtime="20240503 18:12:19.115"/>
</kw>
<status status="PASS" starttime="20240503 18:12:19.114" endtime="20240503 18:12:19.115"/>
</kw>
<kw name="Input Credentials" library="resource">
<arg>kalle</arg>
<arg>kalle123</arg>
<kw name="Input" library="AppLibrary">
<arg>${username}</arg>
<status status="PASS" starttime="20240503 18:12:19.115" endtime="20240503 18:12:19.115"/>
</kw>
<kw name="Input" library="AppLibrary">
<arg>${password}</arg>
<status status="PASS" starttime="20240503 18:12:19.115" endtime="20240503 18:12:19.115"/>
</kw>
<kw name="Run Application" library="AppLibrary">
<status status="PASS" starttime="20240503 18:12:19.116" endtime="20240503 18:12:19.116"/>
</kw>
<status status="PASS" starttime="20240503 18:12:19.115" endtime="20240503 18:12:19.116"/>
</kw>
<kw name="Output Should Contain" library="AppLibrary">
<arg>Logged in</arg>
<status status="PASS" starttime="20240503 18:12:19.116" endtime="20240503 18:12:19.116"/>
</kw>
<status status="PASS" starttime="20240503 18:12:19.114" endtime="20240503 18:12:19.116"/>
</test>
<test id="s1-s1-t2" name="Login With Incorrect Password" line="10">
<kw name="Create User And Input Login Command" type="SETUP">
<kw name="Create User" library="AppLibrary">
<arg>kalle</arg>
<arg>kalle123</arg>
<status status="PASS" starttime="20240503 18:12:19.116" endtime="20240503 18:12:19.116"/>
</kw>
<kw name="Input Login Command" library="resource">
<kw name="Input" library="AppLibrary">
<arg>login</arg>
<status status="PASS" starttime="20240503 18:12:19.117" endtime="20240503 18:12:19.117"/>
</kw>
<status status="PASS" starttime="20240503 18:12:19.116" endtime="20240503 18:12:19.117"/>
</kw>
<status status="PASS" starttime="20240503 18:12:19.116" endtime="20240503 18:12:19.117"/>
</kw>
<kw name="Create User" library="AppLibrary">
<arg>pe</arg>
<arg>pe123</arg>
<status status="PASS" starttime="20240503 18:12:19.117" endtime="20240503 18:12:19.117"/>
</kw>
<kw name="Input Credentials" library="resource">
<arg>pe</arg>
<arg>pe1234</arg>
<kw name="Input" library="AppLibrary">
<arg>${username}</arg>
<status status="PASS" starttime="20240503 18:12:19.117" endtime="20240503 18:12:19.117"/>
</kw>
<kw name="Input" library="AppLibrary">
<arg>${password}</arg>
<status status="PASS" starttime="20240503 18:12:19.117" endtime="20240503 18:12:19.117"/>
</kw>
<kw name="Run Application" library="AppLibrary">
<status status="PASS" starttime="20240503 18:12:19.117" endtime="20240503 18:12:19.117"/>
</kw>
<status status="PASS" starttime="20240503 18:12:19.117" endtime="20240503 18:12:19.117"/>
</kw>
<status status="PASS" starttime="20240503 18:12:19.116" endtime="20240503 18:12:19.118"/>
</test>
<test id="s1-s1-t3" name="Login With Nonexistent Username" line="14">
<kw name="Create User And Input Login Command" type="SETUP">
<kw name="Create User" library="AppLibrary">
<arg>kalle</arg>
<arg>kalle123</arg>
<status status="PASS" starttime="20240503 18:12:19.118" endtime="20240503 18:12:19.118"/>
</kw>
<kw name="Input Login Command" library="resource">
<kw name="Input" library="AppLibrary">
<arg>login</arg>
<status status="PASS" starttime="20240503 18:12:19.118" endtime="20240503 18:12:19.118"/>
</kw>
<status status="PASS" starttime="20240503 18:12:19.118" endtime="20240503 18:12:19.118"/>
</kw>
<status status="PASS" starttime="20240503 18:12:19.118" endtime="20240503 18:12:19.118"/>
</kw>
<kw name="Input Credentials" library="resource">
<arg>pee</arg>
<arg>1233</arg>
<kw name="Input" library="AppLibrary">
<arg>${username}</arg>
<status status="PASS" starttime="20240503 18:12:19.119" endtime="20240503 18:12:19.119"/>
</kw>
<kw name="Input" library="AppLibrary">
<arg>${password}</arg>
<status status="PASS" starttime="20240503 18:12:19.119" endtime="20240503 18:12:19.119"/>
</kw>
<kw name="Run Application" library="AppLibrary">
<status status="PASS" starttime="20240503 18:12:19.119" endtime="20240503 18:12:19.119"/>
</kw>
<status status="PASS" starttime="20240503 18:12:19.119" endtime="20240503 18:12:19.119"/>
</kw>
<status status="PASS" starttime="20240503 18:12:19.118" endtime="20240503 18:12:19.119"/>
</test>
<status status="PASS" starttime="20240503 18:12:19.104" endtime="20240503 18:12:19.119"/>
</suite>
<status status="PASS" starttime="20240503 18:12:19.074" endtime="20240503 18:12:19.120"/>
</suite>
<statistics>
<total>
<stat pass="3" fail="0" skip="0">All Tests</stat>
</total>
<tag>
</tag>
<suite>
<stat pass="3" fail="0" skip="0" id="s1" name="Tests">Tests</stat>
<stat pass="3" fail="0" skip="0" id="s1-s1" name="Login">Tests.Login</stat>
</suite>
</statistics>
<errors>
</errors>
</robot>
