<?xml version="1.0" encoding="UTF-8"?>
<robot generator="Robot 6.1.1 (Python 3.12.3 on win32)" generated="20240503 20:31:07.612" rpa="false" schemaversion="4">
<suite id="s1" name="Tests" source="C:\HddBackup\Yliopisto\ohjelmistotuotanto\injekt\injekt\osa3\login-robot\src\tests">
<suite id="s1-s1" name="Login" source="C:\HddBackup\Yliopisto\ohjelmistotuotanto\injekt\injekt\osa3\login-robot\src\tests\login.robot">
<test id="s1-s1-t1" name="Login With Correct Credentials" line="6">
<kw name="Create User And Input Login Command" type="SETUP">
<kw name="Create User" library="AppLibrary">
<arg>kalle</arg>
<arg>kalle123</arg>
<status status="PASS" starttime="20240503 20:31:07.653" endtime="20240503 20:31:07.654"/>
</kw>
<kw name="Input Login Command" library="resource">
<kw name="Input" library="AppLibrary">
<arg>login</arg>
<status status="PASS" starttime="20240503 20:31:07.654" endtime="20240503 20:31:07.654"/>
</kw>
<status status="PASS" starttime="20240503 20:31:07.654" endtime="20240503 20:31:07.654"/>
</kw>
<status status="PASS" starttime="20240503 20:31:07.653" endtime="20240503 20:31:07.654"/>
</kw>
<kw name="Input Credentials" library="resource">
<arg>kalle</arg>
<arg>kalle123</arg>
<kw name="Input" library="AppLibrary">
<arg>${username}</arg>
<status status="PASS" starttime="20240503 20:31:07.654" endtime="20240503 20:31:07.654"/>
</kw>
<kw name="Input" library="AppLibrary">
<arg>${password}</arg>
<status status="PASS" starttime="20240503 20:31:07.655" endtime="20240503 20:31:07.655"/>
</kw>
<kw name="Run Application" library="AppLibrary">
<status status="PASS" starttime="20240503 20:31:07.655" endtime="20240503 20:31:07.655"/>
</kw>
<status status="PASS" starttime="20240503 20:31:07.654" endtime="20240503 20:31:07.655"/>
</kw>
<kw name="Output Should Contain" library="AppLibrary">
<arg>Logged in</arg>
<status status="PASS" starttime="20240503 20:31:07.655" endtime="20240503 20:31:07.655"/>
</kw>
<status status="PASS" starttime="20240503 20:31:07.653" endtime="20240503 20:31:07.655"/>
</test>
<test id="s1-s1-t2" name="Login With Incorrect Password" line="10">
<kw name="Create User And Input Login Command" type="SETUP">
<kw name="Create User" library="AppLibrary">
<arg>kalle</arg>
<arg>kalle123</arg>
<status status="PASS" starttime="20240503 20:31:07.656" endtime="20240503 20:31:07.656"/>
</kw>
<kw name="Input Login Command" library="resource">
<kw name="Input" library="AppLibrary">
<arg>login</arg>
<status status="PASS" starttime="20240503 20:31:07.656" endtime="20240503 20:31:07.656"/>
</kw>
<status status="PASS" starttime="20240503 20:31:07.656" endtime="20240503 20:31:07.656"/>
</kw>
<status status="PASS" starttime="20240503 20:31:07.655" endtime="20240503 20:31:07.656"/>
</kw>
<kw name="Create User" library="AppLibrary">
<arg>peee</arg>
<arg>pe123121212121212</arg>
<status status="PASS" starttime="20240503 20:31:07.656" endtime="20240503 20:31:07.656"/>
</kw>
<kw name="Input Credentials" library="resource">
<arg>peee</arg>
<arg>pe12341212121</arg>
<kw name="Input" library="AppLibrary">
<arg>${username}</arg>
<status status="PASS" starttime="20240503 20:31:07.656" endtime="20240503 20:31:07.656"/>
</kw>
<kw name="Input" library="AppLibrary">
<arg>${password}</arg>
<status status="PASS" starttime="20240503 20:31:07.656" endtime="20240503 20:31:07.657"/>
</kw>
<kw name="Run Application" library="AppLibrary">
<status status="PASS" starttime="20240503 20:31:07.657" endtime="20240503 20:31:07.657"/>
</kw>
<status status="PASS" starttime="20240503 20:31:07.656" endtime="20240503 20:31:07.657"/>
</kw>
<status status="PASS" starttime="20240503 20:31:07.655" endtime="20240503 20:31:07.657"/>
</test>
<test id="s1-s1-t3" name="Login With Nonexistent Username" line="14">
<kw name="Create User And Input Login Command" type="SETUP">
<kw name="Create User" library="AppLibrary">
<arg>kalle</arg>
<arg>kalle123</arg>
<status status="PASS" starttime="20240503 20:31:07.657" endtime="20240503 20:31:07.657"/>
</kw>
<kw name="Input Login Command" library="resource">
<kw name="Input" library="AppLibrary">
<arg>login</arg>
<status status="PASS" starttime="20240503 20:31:07.658" endtime="20240503 20:31:07.658"/>
</kw>
<status status="PASS" starttime="20240503 20:31:07.657" endtime="20240503 20:31:07.658"/>
</kw>
<status status="PASS" starttime="20240503 20:31:07.657" endtime="20240503 20:31:07.658"/>
</kw>
<kw name="Input Credentials" library="resource">
<arg>peeee</arg>
<arg>1233</arg>
<kw name="Input" library="AppLibrary">
<arg>${username}</arg>
<status status="PASS" starttime="20240503 20:31:07.658" endtime="20240503 20:31:07.658"/>
</kw>
<kw name="Input" library="AppLibrary">
<arg>${password}</arg>
<status status="PASS" starttime="20240503 20:31:07.658" endtime="20240503 20:31:07.658"/>
</kw>
<kw name="Run Application" library="AppLibrary">
<status status="PASS" starttime="20240503 20:31:07.658" endtime="20240503 20:31:07.658"/>
</kw>
<status status="PASS" starttime="20240503 20:31:07.658" endtime="20240503 20:31:07.658"/>
</kw>
<status status="PASS" starttime="20240503 20:31:07.657" endtime="20240503 20:31:07.658"/>
</test>
<status status="PASS" starttime="20240503 20:31:07.641" endtime="20240503 20:31:07.659"/>
</suite>
<suite id="s1-s2" name="Register" source="C:\HddBackup\Yliopisto\ohjelmistotuotanto\injekt\injekt\osa3\login-robot\src\tests\register.robot">
<test id="s1-s2-t1" name="Register With Valid Username And Password" line="6">
<kw name="Create User And Input New Command" type="SETUP">
<kw name="Create User" library="AppLibrary">
<arg>kalle</arg>
<arg>kalle123</arg>
<status status="PASS" starttime="20240503 20:31:07.662" endtime="20240503 20:31:07.663"/>
</kw>
<kw name="Input New Command" library="resource">
<kw name="Input" library="AppLibrary">
<arg>new</arg>
<status status="PASS" starttime="20240503 20:31:07.663" endtime="20240503 20:31:07.663"/>
</kw>
<status status="PASS" starttime="20240503 20:31:07.663" endtime="20240503 20:31:07.663"/>
</kw>
<status status="PASS" starttime="20240503 20:31:07.662" endtime="20240503 20:31:07.663"/>
</kw>
<kw name="Input Credentials" library="resource">
<arg>pep</arg>
<arg>pep12312312</arg>
<kw name="Input" library="AppLibrary">
<arg>${username}</arg>
<status status="PASS" starttime="20240503 20:31:07.663" endtime="20240503 20:31:07.663"/>
</kw>
<kw name="Input" library="AppLibrary">
<arg>${password}</arg>
<status status="PASS" starttime="20240503 20:31:07.663" endtime="20240503 20:31:07.663"/>
</kw>
<kw name="Run Application" library="AppLibrary">
<status status="PASS" starttime="20240503 20:31:07.663" endtime="20240503 20:31:07.664"/>
</kw>
<status status="PASS" starttime="20240503 20:31:07.663" endtime="20240503 20:31:07.664"/>
</kw>
<kw name="Output Should Contain" library="AppLibrary">
<arg>New user registered</arg>
<status status="PASS" starttime="20240503 20:31:07.664" endtime="20240503 20:31:07.664"/>
</kw>
<status status="PASS" starttime="20240503 20:31:07.662" endtime="20240503 20:31:07.664"/>
</test>
<test id="s1-s2-t2" name="Register With Already Taken Username And Valid Password" line="10">
<kw name="Create User And Input New Command" type="SETUP">
<kw name="Create User" library="AppLibrary">
<arg>kalle</arg>
<arg>kalle123</arg>
<status status="PASS" starttime="20240503 20:31:07.664" endtime="20240503 20:31:07.664"/>
</kw>
<kw name="Input New Command" library="resource">
<kw name="Input" library="AppLibrary">
<arg>new</arg>
<status status="PASS" starttime="20240503 20:31:07.665" endtime="20240503 20:31:07.665"/>
</kw>
<status status="PASS" starttime="20240503 20:31:07.664" endtime="20240503 20:31:07.665"/>
</kw>
<status status="PASS" starttime="20240503 20:31:07.664" endtime="20240503 20:31:07.665"/>
</kw>
<kw name="Input Credentials" library="resource">
<arg>kalle</arg>
<arg>kalle123456</arg>
<kw name="Input" library="AppLibrary">
<arg>${username}</arg>
<status status="PASS" starttime="20240503 20:31:07.665" endtime="20240503 20:31:07.665"/>
</kw>
<kw name="Input" library="AppLibrary">
<arg>${password}</arg>
<status status="PASS" starttime="20240503 20:31:07.665" endtime="20240503 20:31:07.665"/>
</kw>
<kw name="Run Application" library="AppLibrary">
<status status="PASS" starttime="20240503 20:31:07.665" endtime="20240503 20:31:07.665"/>
</kw>
<status status="PASS" starttime="20240503 20:31:07.665" endtime="20240503 20:31:07.665"/>
</kw>
<kw name="Output Should Contain" library="AppLibrary">
<arg>User with username kalle already exists</arg>
<status status="PASS" starttime="20240503 20:31:07.665" endtime="20240503 20:31:07.665"/>
</kw>
<status status="PASS" starttime="20240503 20:31:07.664" endtime="20240503 20:31:07.666"/>
</test>
<test id="s1-s2-t3" name="Register With Too Short Username And Valid Password" line="14">
<kw name="Create User And Input New Command" type="SETUP">
<kw name="Create User" library="AppLibrary">
<arg>kalle</arg>
<arg>kalle123</arg>
<status status="PASS" starttime="20240503 20:31:07.666" endtime="20240503 20:31:07.666"/>
</kw>
<kw name="Input New Command" library="resource">
<kw name="Input" library="AppLibrary">
<arg>new</arg>
<status status="PASS" starttime="20240503 20:31:07.666" endtime="20240503 20:31:07.666"/>
</kw>
<status status="PASS" starttime="20240503 20:31:07.666" endtime="20240503 20:31:07.666"/>
</kw>
<status status="PASS" starttime="20240503 20:31:07.666" endtime="20240503 20:31:07.666"/>
</kw>
<kw name="Input Credentials" library="resource">
<arg>es</arg>
<arg>kalle123456</arg>
<kw name="Input" library="AppLibrary">
<arg>${username}</arg>
<status status="PASS" starttime="20240503 20:31:07.667" endtime="20240503 20:31:07.667"/>
</kw>
<kw name="Input" library="AppLibrary">
<arg>${password}</arg>
<status status="PASS" starttime="20240503 20:31:07.667" endtime="20240503 20:31:07.667"/>
</kw>
<kw name="Run Application" library="AppLibrary">
<status status="PASS" starttime="20240503 20:31:07.667" endtime="20240503 20:31:07.667"/>
</kw>
<status status="PASS" starttime="20240503 20:31:07.666" endtime="20240503 20:31:07.667"/>
</kw>
<kw name="Output Should Contain" library="AppLibrary">
<arg>Username is too short</arg>
<status status="PASS" starttime="20240503 20:31:07.667" endtime="20240503 20:31:07.667"/>
</kw>
<status status="PASS" starttime="20240503 20:31:07.666" endtime="20240503 20:31:07.667"/>
</test>
<test id="s1-s2-t4" name="Register With Enough Long But Invalid Username And Valid Password" line="18">
<kw name="Create User And Input New Command" type="SETUP">
<kw name="Create User" library="AppLibrary">
<arg>kalle</arg>
<arg>kalle123</arg>
<status status="PASS" starttime="20240503 20:31:07.668" endtime="20240503 20:31:07.668"/>
</kw>
<kw name="Input New Command" library="resource">
<kw name="Input" library="AppLibrary">
<arg>new</arg>
<status status="PASS" starttime="20240503 20:31:07.668" endtime="20240503 20:31:07.669"/>
</kw>
<status status="PASS" starttime="20240503 20:31:07.668" endtime="20240503 20:31:07.669"/>
</kw>
<status status="PASS" starttime="20240503 20:31:07.668" endtime="20240503 20:31:07.669"/>
</kw>
<kw name="Input Credentials" library="resource">
<arg>es!!</arg>
<arg>kalle123456</arg>
<kw name="Input" library="AppLibrary">
<arg>${username}</arg>
<status status="PASS" starttime="20240503 20:31:07.669" endtime="20240503 20:31:07.669"/>
</kw>
<kw name="Input" library="AppLibrary">
<arg>${password}</arg>
<status status="PASS" starttime="20240503 20:31:07.669" endtime="20240503 20:31:07.669"/>
</kw>
<kw name="Run Application" library="AppLibrary">
<status status="PASS" starttime="20240503 20:31:07.669" endtime="20240503 20:31:07.669"/>
</kw>
<status status="PASS" starttime="20240503 20:31:07.669" endtime="20240503 20:31:07.670"/>
</kw>
<kw name="Output Should Contain" library="AppLibrary">
<arg>Username should only contain letters a-z</arg>
<status status="PASS" starttime="20240503 20:31:07.670" endtime="20240503 20:31:07.670"/>
</kw>
<status status="PASS" starttime="20240503 20:31:07.667" endtime="20240503 20:31:07.670"/>
</test>
<test id="s1-s2-t5" name="Register With Valid Username And Too Short Password" line="22">
<kw name="Create User And Input New Command" type="SETUP">
<kw name="Create User" library="AppLibrary">
<arg>kalle</arg>
<arg>kalle123</arg>
<status status="PASS" starttime="20240503 20:31:07.670" endtime="20240503 20:31:07.670"/>
</kw>
<kw name="Input New Command" library="resource">
<kw name="Input" library="AppLibrary">
<arg>new</arg>
<status status="PASS" starttime="20240503 20:31:07.670" endtime="20240503 20:31:07.671"/>
</kw>
<status status="PASS" starttime="20240503 20:31:07.670" endtime="20240503 20:31:07.671"/>
</kw>
<status status="PASS" starttime="20240503 20:31:07.670" endtime="20240503 20:31:07.671"/>
</kw>
<kw name="Input Credentials" library="resource">
<arg>esee</arg>
<arg>a1</arg>
<kw name="Input" library="AppLibrary">
<arg>${username}</arg>
<status status="PASS" starttime="20240503 20:31:07.671" endtime="20240503 20:31:07.671"/>
</kw>
<kw name="Input" library="AppLibrary">
<arg>${password}</arg>
<status status="PASS" starttime="20240503 20:31:07.671" endtime="20240503 20:31:07.671"/>
</kw>
<kw name="Run Application" library="AppLibrary">
<status status="PASS" starttime="20240503 20:31:07.671" endtime="20240503 20:31:07.671"/>
</kw>
<status status="PASS" starttime="20240503 20:31:07.671" endtime="20240503 20:31:07.671"/>
</kw>
<kw name="Output Should Contain" library="AppLibrary">
<arg>Password is too short</arg>
<status status="PASS" starttime="20240503 20:31:07.671" endtime="20240503 20:31:07.671"/>
</kw>
<status status="PASS" starttime="20240503 20:31:07.670" endtime="20240503 20:31:07.671"/>
</test>
<test id="s1-s2-t6" name="Register With Valid Username And Long Enough Password Containing Only Letters" line="26">
<kw name="Create User And Input New Command" type="SETUP">
<kw name="Create User" library="AppLibrary">
<arg>kalle</arg>
<arg>kalle123</arg>
<status status="PASS" starttime="20240503 20:31:07.672" endtime="20240503 20:31:07.672"/>
</kw>
<kw name="Input New Command" library="resource">
<kw name="Input" library="AppLibrary">
<arg>new</arg>
<status status="PASS" starttime="20240503 20:31:07.672" endtime="20240503 20:31:07.672"/>
</kw>
<status status="PASS" starttime="20240503 20:31:07.672" endtime="20240503 20:31:07.672"/>
</kw>
<status status="PASS" starttime="20240503 20:31:07.672" endtime="20240503 20:31:07.672"/>
</kw>
<kw name="Input Credentials" library="resource">
<arg>esee</arg>
<arg>kaaaaaaaaaaaaa</arg>
<kw name="Input" library="AppLibrary">
<arg>${username}</arg>
<status status="PASS" starttime="20240503 20:31:07.673" endtime="20240503 20:31:07.673"/>
</kw>
<kw name="Input" library="AppLibrary">
<arg>${password}</arg>
<status status="PASS" starttime="20240503 20:31:07.673" endtime="20240503 20:31:07.673"/>
</kw>
<kw name="Run Application" library="AppLibrary">
<status status="PASS" starttime="20240503 20:31:07.673" endtime="20240503 20:31:07.673"/>
</kw>
<status status="PASS" starttime="20240503 20:31:07.672" endtime="20240503 20:31:07.673"/>
</kw>
<kw name="Output Should Contain" library="AppLibrary">
<arg>Password should contain letters a-z and numbers</arg>
<status status="PASS" starttime="20240503 20:31:07.673" endtime="20240503 20:31:07.673"/>
</kw>
<status status="PASS" starttime="20240503 20:31:07.672" endtime="20240503 20:31:07.673"/>
</test>
<status status="PASS" starttime="20240503 20:31:07.659" endtime="20240503 20:31:07.673"/>
</suite>
<status status="PASS" starttime="20240503 20:31:07.613" endtime="20240503 20:31:07.674"/>
</suite>
<statistics>
<total>
<stat pass="9" fail="0" skip="0">All Tests</stat>
</total>
<tag>
</tag>
<suite>
<stat pass="9" fail="0" skip="0" id="s1" name="Tests">Tests</stat>
<stat pass="3" fail="0" skip="0" id="s1-s1" name="Login">Tests.Login</stat>
<stat pass="6" fail="0" skip="0" id="s1-s2" name="Register">Tests.Register</stat>
</suite>
</statistics>
<errors>
</errors>
</robot>
